C51 COMPILER V9.00   LED                                                                   03/12/2022 20:41:29 PAGE 1   


C51 COMPILER V9.00, COMPILATION OF MODULE LED
OBJECT MODULE PLACED IN led.OBJ
COMPILER INVOKED BY: D:\kiel 5\C51\BIN\C51.EXE led.c BROWSE DEBUG OBJECTEXTEND TABS(2)

line level    source

   1          #include "reg52.h"
   2          sbit HC138_A=P2^5;
   3          sbit HC138_B=P2^6;
   4          sbit HC138_C=P2^7;
   5          
   6          void delay(unsigned int t)
   7          {
   8   1      while(t--);
   9   1      while(t--);
  10   1      
  11   1      }
  12          
  13          
  14          void select(unsigned char m)
  15          {
  16   1        switch (m)
  17   1        {
  18   2        case 4:
  19   2        HC138_C=1;
  20   2        HC138_B=0;
  21   2        HC138_A=0;
  22   2        break;
  23   2        case 5:
  24   2        HC138_C=1;
  25   2        HC138_B=0;
  26   2        HC138_A=1;
  27   2        break;
  28   2        case 6:
  29   2        HC138_C=1;
  30   2        HC138_B=1;
  31   2        HC138_A=0;
  32   2        break;
  33   2        case 7:
  34   2        HC138_C=1;
  35   2        HC138_B=1;
  36   2        HC138_A=1;
  37   2        break;
  38   2        } 
  39   1      }
  40          
  41          
  42          void led()
  43          {
  44   1        unsigned char i;
  45   1        select(4);
  46   1      
  47   1      for(i=0;i<3;i++)
  48   1      {P0=0x00;
  49   2      delay(80000);
  50   2      P0=0xff;
  51   2      delay(80000);
  52   2      }
  53   1      for(i=1;i<=8;i++)
  54   1        {
  55   2          P0=0xff<<i;
C51 COMPILER V9.00   LED                                                                   03/12/2022 20:41:29 PAGE 2   

  56   2      delay(80000);
  57   2      delay(80000);
  58   2        }
  59   1      for(i=1;i<=8;i++)
  60   1        {
  61   2         P0=~(0xff<<i);
  62   2      delay(80000);
  63   2      delay(80000);
  64   2        }
  65   1      
  66   1      
  67   1      
  68   1      
  69   1      }
  70          
  71          
  72          void showSMG()
  73          {
  74   1      select(6);
  75   1      P0=0x01;
  76   1      select(7);
  77   1      P0=0x82;
  78   1      }
  79          
  80          
  81          void main()
  82          {
  83   1       while (1)
  84   1       {
  85   2      
  86   2      led() ;
  87   2       }
  88   1      }


MODULE INFORMATION:   STATIC OVERLAYABLE
   CODE SIZE        =    163    ----
   CONSTANT SIZE    =   ----    ----
   XDATA SIZE       =   ----    ----
   PDATA SIZE       =   ----    ----
   DATA SIZE        =   ----    ----
   IDATA SIZE       =   ----    ----
   BIT SIZE         =   ----    ----
END OF MODULE INFORMATION.


C51 COMPILATION COMPLETE.  0 WARNING(S),  0 ERROR(S)
