C51 COMPILER V9.00   8_0                                                                   03/13/2022 23:32:42 PAGE 1   


C51 COMPILER V9.00, COMPILATION OF MODULE 8_0
OBJECT MODULE PLACED IN 8.0.OBJ
COMPILER INVOKED BY: D:\kiel 5\C51\BIN\C51.EXE 8.0.c BROWSE DEBUG OBJECTEXTEND TABS(2)

line level    source

   1          #include "reg52.h"
   2          
   3          sbit L1=P0^0;
   4          sbit L8=P0^7;
   5          
   6          void select()
   7          {
   8   1        P2=(P2&0x1f)|0x80;
   9   1      }
  10          
  11          //=================================================
  12          void init_timer0()
  13          {
  14   1        TMOD=0x01;
  15   1        TH0=(65535-50000)/256;
  16   1        TL0=(65535-50000)%256;
  17   1        
  18   1        ET0=1;
  19   1        EA=1;
  20   1        TR0=1;
  21   1      }
  22          
  23          unsigned char count=0;
  24          
  25          
  26          void service_timero() interrupt 1
  27          {
  28   1        TH0=(65535-50000)/256;
  29   1        TL0=(65535-50000)%256;
  30   1        
  31   1        count++;
  32   1        if(count%10==0)
  33   1        {
  34   2          L1=~L1;
  35   2        }
  36   1        if(count==100)
  37   1        {
  38   2          L8=~L8;
  39   2          count=0;
  40   2        }
  41   1      }
  42          
  43          //============================================
  44          void main ()
  45          {
  46   1        select();
  47   1        init_timer0();
  48   1        while(1)
  49   1        {
  50   2          
  51   2        }
  52   1      }


MODULE INFORMATION:   STATIC OVERLAYABLE
C51 COMPILER V9.00   8_0                                                                   03/13/2022 23:32:42 PAGE 2   

   CODE SIZE        =     76    ----
   CONSTANT SIZE    =   ----    ----
   XDATA SIZE       =   ----    ----
   PDATA SIZE       =   ----    ----
   DATA SIZE        =      1    ----
   IDATA SIZE       =   ----    ----
   BIT SIZE         =   ----    ----
END OF MODULE INFORMATION.


C51 COMPILATION COMPLETE.  0 WARNING(S),  0 ERROR(S)
