C51 COMPILER V9.00   14_0                                                                  03/15/2022 17:31:17 PAGE 1   


C51 COMPILER V9.00, COMPILATION OF MODULE 14_0
OBJECT MODULE PLACED IN 14.0.OBJ
COMPILER INVOKED BY: D:\kiel 5\C51\BIN\C51.EXE 14.0.c BROWSE DEBUG OBJECTEXTEND TABS(2)

line level    source

   1          #include "reg52.h"
   2          #include "absacc.h"
   3          
   4          
   5          
   6          void delay(unsigned int t)
   7          {
   8   1        while(t--);
   9   1        while(t--);
  10   1      }
  11          
  12          void ledrunning()
  13          {
  14   1        XBYTE[0x8000]=0xf0;
  15   1        delay(60000);
  16   1        delay(60000);
  17   1        XBYTE[0x8000]=0x0f;
  18   1        delay(60000);
  19   1        delay(60000); 
  20   1        XBYTE[0x8000]=0xff;
  21   1        delay(60000);
  22   1        delay(60000); 
  23   1      }
  24          
  25          void SMGrunning()
  26          {
  27   1        unsigned char i;
  28   1        for(i=0;i<8;i++)
  29   1        {
  30   2          XBYTE[0xc000]=0x01<<i;
  31   2          XBYTE[0xe000]=0x00;
  32   2          delay(60000);
  33   2          delay(60000); 
  34   2        }
  35   1        XBYTE[0xe000]=0xff;
  36   1        delay(60000);
  37   1        delay(60000); 
  38   1      }
  39          
  40          
  41          void main ()
  42          {
  43   1        while(1)
  44   1        {
  45   2          ledrunning();
  46   2          SMGrunning();
  47   2        }
  48   1      }


MODULE INFORMATION:   STATIC OVERLAYABLE
   CODE SIZE        =    111    ----
   CONSTANT SIZE    =   ----    ----
   XDATA SIZE       =   ----    ----
   PDATA SIZE       =   ----    ----
C51 COMPILER V9.00   14_0                                                                  03/15/2022 17:31:17 PAGE 2   

   DATA SIZE        =   ----    ----
   IDATA SIZE       =   ----    ----
   BIT SIZE         =   ----    ----
END OF MODULE INFORMATION.


C51 COMPILATION COMPLETE.  0 WARNING(S),  0 ERROR(S)
