C51 COMPILER V9.00   9_0                                                                   03/14/2022 13:52:43 PAGE 1   


C51 COMPILER V9.00, COMPILATION OF MODULE 9_0
OBJECT MODULE PLACED IN 9.0.OBJ
COMPILER INVOKED BY: D:\kiel 5\C51\BIN\C51.EXE 9.0.c BROWSE DEBUG OBJECTEXTEND TABS(2)

line level    source

   1          #include "reg52.h"
   2          
   3          sbit HC138_A=P2^5;
   4          sbit HC138_B=P2^6;
   5          sbit HC138_C=P2^7;
   6          
   7          sbit S4=P3^3;
   8          sbit S5=P3^2;
   9          
  10          unsigned char min=0;
  11          unsigned char sec=0;
  12          unsigned char milsec=0;
  13          
  14          unsigned char code SMG[18]=
  15          {0xc0,0xf9,0xa4,0xb0,0x99,0x92,0x82,0xf8,0x80,
  16          0x90,0x88,0x80,0xc6,0xc0,0x86,0x8e,0xbf,0x7f};
  17          
  18          void select(unsigned char n)
  19          {
  20   1        switch(n)
  21   1        {
  22   2        case 4: 
  23   2        HC138_C=1;
  24   2        HC138_B=0;
  25   2        HC138_A=0;
  26   2        break;
  27   2        case 5:
  28   2        HC138_C=1;
  29   2        HC138_B=0;
  30   2        HC138_A=1;
  31   2        break;
  32   2        case 6:
  33   2        HC138_C=1;
  34   2        HC138_B=1;
  35   2        HC138_A=0;
  36   2        break;
  37   2        case 7:
  38   2        HC138_C=1;
  39   2        HC138_B=1;
  40   2        HC138_A=1;
  41   2        break;
  42   2        }
  43   1      }
  44          
  45          void delay(unsigned int t)
  46          {
  47   1        while(t--);
  48   1      }
  49          
  50          void display_SMG(unsigned char value,unsigned char pos)
  51          {
  52   1        select(6);
  53   1        P0=0x01<<pos;
  54   1        select (7);
  55   1        P0=value;
C51 COMPILER V9.00   9_0                                                                   03/14/2022 13:52:43 PAGE 2   

  56   1      }
  57          
  58          void diaplay_time()
  59          {
  60   1        display_SMG(SMG[milsec%10],7);
  61   1        delay(500);
  62   1        display_SMG(SMG[milsec/10],6);
  63   1        delay(500);
  64   1        display_SMG(SMG[16],5);
  65   1        delay(500);
  66   1        
  67   1        display_SMG(SMG[sec%10],4);
  68   1        delay(500);
  69   1        display_SMG(SMG[sec/10],3);
  70   1        delay(500);
  71   1        display_SMG(SMG[16],2);
  72   1        delay(500);
  73   1        
  74   1        display_SMG(SMG[min%10],1);
  75   1        delay(500);
  76   1        display_SMG(SMG[min/10],0);
  77   1        delay(500);
  78   1      }
  79          //================================ timer
  80          void init_timer()
  81          {
  82   1        TMOD=0x01;
  83   1        TH0=(65535-50000)/256;
  84   1        TL0=(65535-50000)%256;
  85   1        
  86   1        ET0=1;
  87   1        EA=1;
  88   1        TR0=1;
  89   1      }
  90          
  91          void service_timer() interrupt 1
  92          {
  93   1        TH0=(65535-50000)/256;
  94   1        TL0=(65535-50000)%256;
  95   1        
  96   1        milsec++;
  97   1        if(milsec==20)
  98   1        {
  99   2          sec++;
 100   2          milsec=0;
 101   2          if(sec==60)
 102   2          {
 103   3            min++;
 104   3            sec=0;
 105   3          }
 106   2          if(min==99)
 107   2          {
 108   3            min=0;
 109   3          }
 110   2        }
 111   1      }
 112          //================================
 113          
 114          void scan_keys()
 115          {
 116   1        if(S4==0)          //   pause
 117   1        {
C51 COMPILER V9.00   9_0                                                                   03/14/2022 13:52:43 PAGE 3   

 118   2          delay(100);
 119   2          if(S4==0)
 120   2          {
 121   3            TR0=~TR0;
 122   3            while(S4==0)
 123   3            {
 124   4              diaplay_time();
 125   4            }
 126   3          }
 127   2        }
 128   1        if(S5==0)                 // clear
 129   1        {
 130   2          delay(100);
 131   2          if(S5==0)
 132   2          {
 133   3              min=0;
 134   3              sec=0;
 135   3              milsec=0;
 136   3            while(S5==0)
 137   3            {
 138   4              diaplay_time();
 139   4            }
 140   3          }
 141   2        }
 142   1      }
 143          void main()
 144          {
 145   1        init_timer();
 146   1        while(1)
 147   1        {
 148   2          diaplay_time();
 149   2          scan_keys();
 150   2        }
 151   1      }


MODULE INFORMATION:   STATIC OVERLAYABLE
   CODE SIZE        =    312    ----
   CONSTANT SIZE    =     18    ----
   XDATA SIZE       =   ----    ----
   PDATA SIZE       =   ----    ----
   DATA SIZE        =      3    ----
   IDATA SIZE       =   ----    ----
   BIT SIZE         =   ----    ----
END OF MODULE INFORMATION.


C51 COMPILATION COMPLETE.  0 WARNING(S),  0 ERROR(S)
