C51 COMPILER V9.00   12_0                                                                  03/14/2022 21:52:57 PAGE 1   


C51 COMPILER V9.00, COMPILATION OF MODULE 12_0
OBJECT MODULE PLACED IN 12.0.OBJ
COMPILER INVOKED BY: D:\kiel 5\C51\BIN\C51.EXE 12.0.c BROWSE DEBUG OBJECTEXTEND TABS(2)

line level    source

   1          #include "reg52.h"
   2          
   3          sfr AUXR=0x8e;
   4          
   5          sbit HC138_A=P2^5;
   6          sbit HC138_B=P2^6;
   7          sbit HC138_C=P2^7;
   8          
   9          void select(unsigned char m)
  10          {
  11   1        switch (m)
  12   1        {
  13   2        case 4:
  14   2        HC138_C=1;
  15   2        HC138_B=0;
  16   2        HC138_A=0;
  17   2        break;
  18   2        case 5:
  19   2        HC138_C=1;
  20   2        HC138_B=0;
  21   2        HC138_A=1;
  22   2        break;
  23   2        case 6:
  24   2        HC138_C=1;
  25   2        HC138_B=1;
  26   2        HC138_A=0;
  27   2        break;
  28   2        case 7:
  29   2        HC138_C=1;
  30   2        HC138_B=1;
  31   2        HC138_A=1;
  32   2        break;
  33   2        } 
  34   1      }
  35          
  36          void init_system()
  37          {
  38   1        select(5);
  39   1        P0=0x00;
  40   1        select(4);
  41   1        P0=0xff;
  42   1      }
  43          
  44          //=============================================================
  45          void init_uart()
  46          {
  47   1        TMOD=0x20;
  48   1        TH1=0xfd;
  49   1        TL1=0xfd;
  50   1        TR1=1;
  51   1        
  52   1        SCON=0x50;
  53   1        AUXR=0x00;
  54   1        ES=1;
  55   1        EA=1;
C51 COMPILER V9.00   12_0                                                                  03/14/2022 21:52:57 PAGE 2   

  56   1      }
  57          
  58          unsigned char command=0x00;
  59          void service_uart() interrupt 4
  60          {
  61   1        if(RI==1)
  62   1        {
  63   2          command=SBUF;
  64   2          RI=0;
  65   2        }
  66   1      }
  67          
  68          void send_byte(unsigned char dat)          // ×Ö½Ú·¢ËÍ
  69          {
  70   1        SBUF=dat;
  71   1        while(TI==0);
  72   1        TI=0;
  73   1      }
  74          
  75          void send_string(unsigned char *str)
  76          {
  77   1        while(*str!='\0')
  78   1        {
  79   2        send_byte(*str++);
  80   2        }
  81   1      }
  82          //==============================================================
  83          void working()
  84          {
  85   1        if(command!=0x00)
  86   1        {
  87   2          switch(command&0xf0)
  88   2          {
  89   3            case 0xa0:
  90   3            P0=(P0|0x0f)&(~command|0xf0);
  91   3            command=0x00; 
  92   3            break;
  93   3            
  94   3            case 0xb0:
  95   3             P0=(P0|0xf0)&(~command << 4|0x0f);
  96   3            command=0x00;
  97   3            break;
  98   3          
  99   3            case 0xc0:
 100   3            send_string("The System is running!\r\n");
 101   3            command=0x00;
 102   3            break;
 103   3          }
 104   2        }
 105   1      }
 106          
 107          void main ()
 108          {
 109   1        init_system();
 110   1        init_uart();
 111   1        send_string("Welcome to use!\r\n");
 112   1        while(1)
 113   1        {
 114   2          working();
 115   2        }
 116   1      }

C51 COMPILER V9.00   12_0                                                                  03/14/2022 21:52:57 PAGE 3   


MODULE INFORMATION:   STATIC OVERLAYABLE
   CODE SIZE        =    216    ----
   CONSTANT SIZE    =     43    ----
   XDATA SIZE       =   ----    ----
   PDATA SIZE       =   ----    ----
   DATA SIZE        =      1       3
   IDATA SIZE       =   ----    ----
   BIT SIZE         =   ----    ----
END OF MODULE INFORMATION.


C51 COMPILATION COMPLETE.  0 WARNING(S),  0 ERROR(S)
