C51 COMPILER V9.00   BUZZER                                                                03/12/2022 22:48:47 PAGE 1   


C51 COMPILER V9.00, COMPILATION OF MODULE BUZZER
OBJECT MODULE PLACED IN buzzer.OBJ
COMPILER INVOKED BY: D:\kiel 5\C51\BIN\C51.EXE buzzer.c BROWSE DEBUG OBJECTEXTEND TABS(2)

line level    source

   1          #include "reg52.h"
   2          sbit HC138_A=P2^5;
   3          sbit HC138_B=P2^6;
   4          sbit HC138_C=P2^7;
   5          
   6          void delay(unsigned int t)
   7          {
   8   1      while(t--);
   9   1      while(t--);
  10   1      
  11   1      }
  12          
  13          
  14          void select(unsigned char n)
  15          {
  16   1        switch (n)
  17   1        {
  18   2        case 4:
  19   2        HC138_C=1;
  20   2        HC138_B=0;
  21   2        HC138_A=0;
  22   2        break;
  23   2        case 5:
  24   2        HC138_C=1;
  25   2        HC138_B=0;
  26   2        HC138_A=1;
  27   2        break;
  28   2        case 6:
  29   2        HC138_C=1;
  30   2        HC138_B=1;
  31   2        HC138_A=0;
  32   2        break;
  33   2        case 7:
  34   2        HC138_C=1;
  35   2        HC138_B=1;
  36   2        HC138_A=1;
  37   2        break;
  38   2        } 
  39   1      }
  40          
  41          
  42          
  43          void init()
  44          {
  45   1      select(5);
  46   1      P0=0x00;
  47   1      
  48   1      }
  49          
  50          void led()
  51          {
  52   1        unsigned char i;
  53   1        select(4);
  54   1      
  55   1      for(i=0;i<3;i++)
C51 COMPILER V9.00   BUZZER                                                                03/12/2022 22:48:47 PAGE 2   

  56   1      {P0=0x00;
  57   2      delay(80000);
  58   2      P0=0xff;
  59   2      delay(80000);
  60   2      }                      //ÉÁ3ÏÂ
  61   1      for(i=1;i<=8;i++)
  62   1        {
  63   2          P0=0xff<<i;
  64   2      delay(80000);
  65   2      delay(80000);
  66   2        }                     //´Ó×óµ½ÓÒÁÁÆð
  67   1      
  68   1      
  69   1      for(i=1;i<=8;i++)
  70   1        {
  71   2          P0=~(0xff<<i);
  72   2      delay(80000);               //´Ó×óµ½ÓÒÏ¨Ãð
  73   2      delay(80000);
  74   2        }    
  75   1      
  76   1      select(5);
  77   1      P0=0x40;              //·äÃùÆ÷Ïì
  78   1      delay(80000);
  79   1      delay(80000);
  80   1      select(5);
  81   1      P0=0x00;
  82   1      delay(80000);       //buzzer shuts down
  83   1      delay(80000);
  84   1      
  85   1      }
  86          
  87          void main()
  88          {
  89   1       while (1)
  90   1       {
  91   2      init();
  92   2      led() ;
  93   2       }
  94   1      }


MODULE INFORMATION:   STATIC OVERLAYABLE
   CODE SIZE        =    187    ----
   CONSTANT SIZE    =   ----    ----
   XDATA SIZE       =   ----    ----
   PDATA SIZE       =   ----    ----
   DATA SIZE        =   ----    ----
   IDATA SIZE       =   ----    ----
   BIT SIZE         =   ----    ----
END OF MODULE INFORMATION.


C51 COMPILATION COMPLETE.  0 WARNING(S),  0 ERROR(S)
