C51 COMPILER V9.00   10_0                                                                  03/14/2022 16:39:11 PAGE 1   


C51 COMPILER V9.00, COMPILATION OF MODULE 10_0
OBJECT MODULE PLACED IN 10.0.OBJ
COMPILER INVOKED BY: D:\kiel 5\C51\BIN\C51.EXE 10.0.c BROWSE DEBUG OBJECTEXTEND TABS(2)

line level    source

   1          #include "reg52.h"
   2          
   3          sbit L1=P0^0;
   4          sbit S7=P3^0;
   5          
   6          void select()
   7          {
   8   1        P2=(P2&0x1f)|0x80;
   9   1      }
  10          
  11          //=======================================timer related functions
  12          unsigned char count=0;
  13          unsigned char pwm_duty=0;
  14          
  15          void int_timer()
  16          {
  17   1        TMOD=0x01;
  18   1        TH0=(65535-100)/256;
  19   1        TL0=(65535-100)%256;
  20   1        
  21   1        ET0=1;
  22   1        EA=1;
  23   1        
  24   1      }
  25          
  26          void service_timer() interrupt 1
  27          {
  28   1        TH0=(65535-100)/256;
  29   1        TL0=(65535-100)%256;
  30   1        count++;
  31   1        if(count<=pwm_duty)   ////here can also use code: if(count==pwm_duty)   
  32   1        {                                             ////{
  33   2          L1=0;                                       ////L1=1;
  34   2        }                                             ////}
  35   1        else if(count<100)                            ////else if(count==100)
  36   1        {                                             ////{
  37   2          L1=1;                                       ////L1=0;
  38   2        }                                             ////count=0;
  39   1        else if(count==100)                           ////}
  40   1        {
  41   2          L1=0;
  42   2          count=0;
  43   2        }
  44   1      }
  45          //=======================================keys related functions
  46          unsigned char mode=0;
  47          
  48          void delay(unsigned int t)
  49          {
  50   1        while(t--);
  51   1      }
  52          
  53          void scankeys()
  54          {
  55   1        if(S7==0)
C51 COMPILER V9.00   10_0                                                                  03/14/2022 16:39:11 PAGE 2   

  56   1        {
  57   2          delay(100);
  58   2          if(S7==0)
  59   2          {
  60   3            switch(mode)
  61   3            {
  62   4              case 0:
  63   4                L1=0;
  64   4                TR0=1;
  65   4                pwm_duty=10;
  66   4                mode=1;
  67   4                break;
  68   4                
  69   4              case 1:
  70   4                pwm_duty=50;
  71   4                mode=2;
  72   4                break;
  73   4                
  74   4              case 2:
  75   4                pwm_duty=90;
  76   4                mode=3;
  77   4                break;
  78   4                
  79   4              case 3:
  80   4                L1=1;
  81   4                TR0=0;
  82   4                mode=0;
  83   4                break;
  84   4            }
  85   3            while(S7==0);
  86   3          }
  87   2        }
  88   1      }
  89          void main()
  90          {
  91   1        select();
  92   1        L1=1;
  93   1        int_timer();
  94   1        while(1)
  95   1        {
  96   2          scankeys();
  97   2        }
  98   1      }


MODULE INFORMATION:   STATIC OVERLAYABLE
   CODE SIZE        =    163    ----
   CONSTANT SIZE    =   ----    ----
   XDATA SIZE       =   ----    ----
   PDATA SIZE       =   ----    ----
   DATA SIZE        =      3    ----
   IDATA SIZE       =   ----    ----
   BIT SIZE         =   ----    ----
END OF MODULE INFORMATION.


C51 COMPILATION COMPLETE.  0 WARNING(S),  0 ERROR(S)
