C51 COMPILER V9.00   7_0                                                                   03/13/2022 22:46:20 PAGE 1   


C51 COMPILER V9.00, COMPILATION OF MODULE 7_0
OBJECT MODULE PLACED IN 7.0.OBJ
COMPILER INVOKED BY: D:\kiel 5\C51\BIN\C51.EXE 7.0.c BROWSE DEBUG OBJECTEXTEND TABS(2)

line level    source

   1          #include "reg52.h"
   2          
   3          sbit L1=P0^0;
   4          sbit L8=P0^7;
   5          
   6          void delay(unsigned int t)
   7          {
   8   1       while(t--);
   9   1       while(t--);
  10   1      }
  11          void select()
  12          {
  13   1        P2= (P2&0x1f)|0x80;
  14   1      }
  15          
  16          void working()
  17          {
  18   1        select();
  19   1        L1=0;
  20   1        delay(60000);
  21   1        L1=1;
  22   1        delay(60000);
  23   1      }
  24          
  25          //=================================
  26          void init_INT0()
  27          {
  28   1        IT0=1;
  29   1        EX0=1;
  30   1        EA=1;
  31   1      }
  32          
  33          void serviceINT0() interrupt 0
  34          {
  35   1        L8=0;
  36   1        delay(60000);
  37   1        delay(60000);
  38   1        delay(60000);
  39   1        delay(60000);
  40   1        delay(60000);
  41   1        delay(60000);
  42   1        L8=1;
  43   1      }
  44          //=================================
  45          void main ()
  46          {
  47   1        init_INT0();
  48   1        while(1)
  49   1        {
  50   2          working();
  51   2        }
  52   1      }


MODULE INFORMATION:   STATIC OVERLAYABLE
C51 COMPILER V9.00   7_0                                                                   03/13/2022 22:46:20 PAGE 2   

   CODE SIZE        =    114    ----
   CONSTANT SIZE    =   ----    ----
   XDATA SIZE       =   ----    ----
   PDATA SIZE       =   ----    ----
   DATA SIZE        =   ----    ----
   IDATA SIZE       =   ----    ----
   BIT SIZE         =   ----    ----
END OF MODULE INFORMATION.


C51 COMPILATION COMPLETE.  0 WARNING(S),  0 ERROR(S)
