C51 COMPILER V9.00   SMGDISPLAY                                                            03/18/2022 16:08:04 PAGE 1   


C51 COMPILER V9.00, COMPILATION OF MODULE SMGDISPLAY
OBJECT MODULE PLACED IN SMGdisplay.OBJ
COMPILER INVOKED BY: D:\kiel 5\C51\BIN\C51.EXE SMGdisplay.c BROWSE DEBUG OBJECTEXTEND TABS(2)

line level    source

   1          #include "absacc.h"
   2          
   3          
   4          void delaySMG(unsigned int t)
   5          {
   6   1        while(t--);
   7   1      }
   8          
   9          
  10          void displaySMG(unsigned char pos,unsigned char value)
  11          {
  12   1        XBYTE[0xE000]=0xff;                 //ÏûÓ°
  13   1        XBYTE[0xc000]=0x01<<pos;
  14   1        XBYTE[0xE000]=value;
  15   1      }
  16          
  17          void shutallSMG(unsigned char value) 
  18          {
  19   1        XBYTE[0xc000]=0xff;
  20   1        XBYTE[0xE000]=value;  
  21   1      }


MODULE INFORMATION:   STATIC OVERLAYABLE
   CODE SIZE        =     50    ----
   CONSTANT SIZE    =   ----    ----
   XDATA SIZE       =   ----    ----
   PDATA SIZE       =   ----    ----
   DATA SIZE        =   ----    ----
   IDATA SIZE       =   ----    ----
   BIT SIZE         =   ----    ----
END OF MODULE INFORMATION.


C51 COMPILATION COMPLETE.  0 WARNING(S),  0 ERROR(S)
