C51 COMPILER V9.00   3_0                                                                   03/18/2022 20:44:38 PAGE 1   


C51 COMPILER V9.00, COMPILATION OF MODULE 3_0
OBJECT MODULE PLACED IN 3.0.OBJ
COMPILER INVOKED BY: D:\kiel 5\C51\BIN\C51.EXE 3.0.c BROWSE DEBUG OBJECTEXTEND TABS(2)

line level    source

   1          #include "reg52.h"
   2          #include "absacc.h"
   3          #include "SMGdisplay.h"
   4          
   5          unsigned int count_f=0;
   6          unsigned int dat_f=0;
   7          unsigned char count_t=0;
   8          
   9          void init_timer()
  10          {
  11   1        //定时器0作计数，8为重装
  12   1        TH0=0xff;
  13   1        TL0=0xff;
  14   1        
  15   1        //定时器1作计时，50ms
  16   1        TH1=(65535-50000+1)/256;
  17   1        TL1=(65535-50000+1)%256;
  18   1        
  19   1        TMOD=0x16; //0001 0110
  20   1      
  21   1        ET0=1;
  22   1        ET1=1;
  23   1        EA=1;
  24   1        
  25   1        TR0=1;
  26   1        TR1=1;
  27   1      }
  28          
  29          void service_timer0() interrupt 1
  30          {
  31   1        count_f++;
  32   1      
  33   1      }
  34          
  35          void service_timer1() interrupt 3
  36          {
  37   1        TH1=(65535-50000+1)/256;
  38   1        TL1=(65535-50000+1)%256;
  39   1        
  40   1        count_t++;
  41   1        if(count_t==20)
  42   1        {
  43   2          dat_f=count_f;
  44   2          count_f=0;
  45   2          count_t=20;
  46   2        }
  47   1      }
  48          
  49          void display()
  50          {
  51   1        displaySMG(0,0x8e);
  52   1        delaySMG(100);
  53   1        
  54   1        displaySMG(1,0xff);
  55   1        delaySMG(100);
C51 COMPILER V9.00   3_0                                                                   03/18/2022 20:44:38 PAGE 2   

  56   1        
  57   1        displaySMG(2,0xff);
  58   1        delaySMG(100);
  59   1        
  60   1        if(dat_f>9999)
  61   1        {
  62   2          displaySMG(3,SMG[dat_f/10000]);
  63   2          delaySMG(100);
  64   2        }
  65   1        
  66   1        if(dat_f>999)
  67   1        {
  68   2          displaySMG(4,SMG[(dat_f/1000)%10]);
  69   2          delaySMG(100);
  70   2        }
  71   1        
  72   1        if(dat_f>99)
  73   1        {
  74   2          displaySMG(5,SMG[(dat_f/100)%10]);
  75   2          delaySMG(100);
  76   2          
  77   2          shutallSMG(0xff); 
  78   2        }
  79   1        
  80   1        if(dat_f>9)
  81   1        {
  82   2          displaySMG(6,SMG[(dat_f/10)%10]);
  83   2          delaySMG(100);
  84   2        }
  85   1          displaySMG(7,SMG[dat_f%10]);
  86   1          delaySMG(100);
  87   1      }
  88          
  89          void main()
  90          {
  91   1        XBYTE[0X8000]=0xff;
  92   1        XBYTE[0xa000]=0x00;
  93   1        init_timer();
  94   1        while(1)
  95   1        {
  96   2          display();
  97   2        }
  98   1      }


MODULE INFORMATION:   STATIC OVERLAYABLE
   CODE SIZE        =    387    ----
   CONSTANT SIZE    =     20    ----
   XDATA SIZE       =   ----    ----
   PDATA SIZE       =   ----    ----
   DATA SIZE        =      5    ----
   IDATA SIZE       =   ----    ----
   BIT SIZE         =   ----    ----
END OF MODULE INFORMATION.


C51 COMPILATION COMPLETE.  0 WARNING(S),  0 ERROR(S)
