C51 COMPILER V9.00   2_0                                                                   03/18/2022 16:48:18 PAGE 1   


C51 COMPILER V9.00, COMPILATION OF MODULE 2_0
OBJECT MODULE PLACED IN 2.0.OBJ
COMPILER INVOKED BY: D:\kiel 5\C51\BIN\C51.EXE 2.0.c BROWSE DEBUG OBJECTEXTEND TABS(2)

line level    source

   1          #include "reg52.h"
   2          #include "DS1302.h"
   3          #include "SMGdisplay.h"
   4          #include "absacc.h"
   5           
   6          unsigned char write_ds1302add[7]={0x80,0x82,0x84,0x86,0x88,0x8a,0x8c};
   7          unsigned char read_ds1302add[7]={0x81,0x83,0x85,0x87,0x89,0x8b,0x8d};
   8          //2000.04.18,sat,23:59:24  初始化时间定义
   9          unsigned char timer[7]={0x24,0x59,0x23,0x18,0x04,0x06,0x20};
  10          
  11          void ds1302_config()
  12          {
  13   1        char i;
  14   1        Write_Ds1302(0x8e,0x00);  //======打开保护功能
  15   1        for(i=0;i<7;i++)
  16   1        {
  17   2          Write_Ds1302( write_ds1302add[i],timer[i] )  ;   
  18   2        }
  19   1        Write_Ds1302(0x8e,0x80);  //======恢复保护功能
  20   1      }
  21          
  22          void read_ds1302timer()
  23          {
  24   1        char i;
  25   1        for(i=0;i<7;i++)
  26   1        {
  27   2        timer[i]=Read_Ds1302(read_ds1302add[i]);
  28   2        }
  29   1      }
  30          
  31          void display_ds1302()
  32          {
  33   1        displaySMG(0,SMG[timer[2]/16]); //   BCD码，所以除16
  34   1        delaySMG(100);
  35   1        displaySMG(1,SMG[timer[2]%16]);
  36   1        delaySMG(100);
  37   1      
  38   1        displaySMG(2,0xbf);        //1011 1111
  39   1        delaySMG(100);
  40   1        
  41   1        displaySMG(3,SMG[timer[1]/16]);
  42   1        delaySMG(100);
  43   1        displaySMG(4,SMG[timer[1]%16]);
  44   1        delaySMG(100);
  45   1      
  46   1        displaySMG(5,0xbf);        //1011 1111
  47   1        delaySMG(100);
  48   1        
  49   1        displaySMG(6,SMG[timer[0]/16]);
  50   1        delaySMG(100);
  51   1        displaySMG(7,SMG[timer[0]%16]);
  52   1        delaySMG(100);
  53   1        
  54   1        shutallSMG(0xff) ;
  55   1      }
C51 COMPILER V9.00   2_0                                                                   03/18/2022 16:48:18 PAGE 2   

  56          
  57          void initial()
  58          {
  59   1        XBYTE[0x8000]=0xff;
  60   1        delaySMG(60000);
  61   1        XBYTE[0xa000]=0x00;
  62   1      }
  63          
  64          void main()
  65          {
  66   1        initial();
  67   1        ds1302_config();
  68   1        while(1)
  69   1        {
  70   2          read_ds1302timer();
  71   2          display_ds1302();
  72   2          shutallSMG(0xff);
  73   2        }
  74   1      }


MODULE INFORMATION:   STATIC OVERLAYABLE
   CODE SIZE        =    277    ----
   CONSTANT SIZE    =     20    ----
   XDATA SIZE       =   ----    ----
   PDATA SIZE       =   ----    ----
   DATA SIZE        =     21       2
   IDATA SIZE       =   ----    ----
   BIT SIZE         =   ----    ----
END OF MODULE INFORMATION.


C51 COMPILATION COMPLETE.  0 WARNING(S),  0 ERROR(S)
