C51 COMPILER V9.00   DS1302                                                                03/18/2022 16:48:18 PAGE 1   


C51 COMPILER V9.00, COMPILATION OF MODULE DS1302
OBJECT MODULE PLACED IN ds1302.OBJ
COMPILER INVOKED BY: D:\kiel 5\C51\BIN\C51.EXE ds1302.c BROWSE DEBUG OBJECTEXTEND TABS(2)

line level    source

   1          /*
   2            程序说明: DS1302驱动程序
   3            软件环境: Keil uVision 4.10 
   4            硬件环境: CT107单片机综合实训平台 8051，12MHz
   5            日    期: 2011-8-9
   6          */
   7          
   8          #include <reg52.h>
   9          #include <intrins.h>
  10          
  11          sbit SCK=P1^7;    
  12          sbit SDA=P2^3;    
  13          sbit RST = P1^3;   // DS1302复位                        
  14          
  15          void Write_Ds1302_Byte(unsigned  char temp) 
  16          {
  17   1        unsigned char i;
  18   1        for (i=0;i<8;i++)       
  19   1        { 
  20   2          SCK=0;
  21   2          SDA=temp&0x01;
  22   2          temp>>=1; 
  23   2          SCK=1;
  24   2        }
  25   1      }   
  26          
  27          void Write_Ds1302( unsigned char address,unsigned char dat )     
  28          {
  29   1        RST=0;
  30   1        _nop_();
  31   1        SCK=0;
  32   1        _nop_();
  33   1        RST=1;  
  34   1          _nop_();  
  35   1        Write_Ds1302_Byte(address); 
  36   1        Write_Ds1302_Byte(dat);   
  37   1        RST=0; 
  38   1      }
  39          
  40          unsigned char Read_Ds1302 ( unsigned char address )
  41          {
  42   1        unsigned char i,temp=0x00;
  43   1        RST=0;
  44   1        _nop_();
  45   1        SCK=0;
  46   1        _nop_();
  47   1        RST=1;
  48   1        _nop_();
  49   1        Write_Ds1302_Byte(address);
  50   1        for (i=0;i<8;i++)   
  51   1        {   
  52   2          SCK=0;
  53   2          temp>>=1; 
  54   2          if(SDA)
  55   2          temp|=0x80; 
C51 COMPILER V9.00   DS1302                                                                03/18/2022 16:48:18 PAGE 2   

  56   2          SCK=1;
  57   2        } 
  58   1        RST=0;
  59   1        _nop_();
  60   1        RST=0;
  61   1        SCK=0;
  62   1        _nop_();
  63   1        SCK=1;
  64   1        _nop_();
  65   1        SDA=0;
  66   1        _nop_();
  67   1        SDA=1;
  68   1        _nop_();
  69   1        return (temp);      
  70   1      }


MODULE INFORMATION:   STATIC OVERLAYABLE
   CODE SIZE        =     93    ----
   CONSTANT SIZE    =   ----    ----
   XDATA SIZE       =   ----    ----
   PDATA SIZE       =   ----    ----
   DATA SIZE        =   ----    ----
   IDATA SIZE       =   ----    ----
   BIT SIZE         =   ----    ----
END OF MODULE INFORMATION.


C51 COMPILATION COMPLETE.  0 WARNING(S),  0 ERROR(S)
