C51 COMPILER V9.00   1_0                                                                   03/17/2022 20:21:27 PAGE 1   


C51 COMPILER V9.00, COMPILATION OF MODULE 1_0
OBJECT MODULE PLACED IN 1.0.OBJ
COMPILER INVOKED BY: D:\kiel 5\C51\BIN\C51.EXE 1.0.c BROWSE DEBUG OBJECTEXTEND TABS(2)

line level    source

   1          #include "reg52.h"
   2          #include "absacc.h"
   3          #include "onewire.h"
   4          
   5          unsigned char SMG[10]=
   6          {0xc0,0xf9,0xa4,0xb0,0x99,0x92,0x82,0xf8,0x80,0x90};
   7          
   8          unsigned char SMGdot[10]=
   9          {0x40,0x79,0x24,0x30,0x19,0x12,0x02,0x78,0x00,0x10};
  10          
  11          unsigned int temp=0;
  12          
  13          void delaySMG(unsigned int t)
  14          {
  15   1        while(t--);
  16   1      }
  17          
  18          void displaySMG(unsigned char pos,unsigned char value)
  19          {
  20   1        XBYTE[0xE000]=0xff;             //消影
  21   1        XBYTE[0xc000]=0x01<<pos;
  22   1        XBYTE[0xE000]=value;
  23   1      }
  24          
  25          void shutallSMG(unsigned char value) 
  26          {
  27   1        XBYTE[0xc000]=0xff;
  28   1        XBYTE[0xE000]=value;  
  29   1      }
  30          //567   
  31          //567/100=5.67=5
  32          //567%100=67  67/10=6.7=6
  33          //567%10=7
  34          
  35          void displayTemp()
  36          {
  37   1        displaySMG(7,SMG[temp%10]);
  38   1        delaySMG(100);
  39   1        displaySMG(6,SMGdot[(temp%100)/10]);
  40   1        delaySMG(100);
  41   1        displaySMG(5,SMG[temp/100]);
  42   1        delaySMG(100);
  43   1                                         // 消除重影
  44   1        displaySMG(4,0xff);
  45   1        delaySMG(100);
  46   1        displaySMG(3,0xff);
  47   1        delaySMG(100);
  48   1        displaySMG(2,0xff);
  49   1        delaySMG(100);
  50   1        displaySMG(1,0xff);
  51   1        delaySMG(100);
  52   1        displaySMG(0,0xff);
  53   1        delaySMG(100);
  54   1        
  55   1        shutallSMG(0xff);            //     防止最后一个数码管过亮
C51 COMPILER V9.00   1_0                                                                   03/17/2022 20:21:27 PAGE 2   

  56   1      }
  57          
  58          void delay(unsigned int t)
  59          {
  60   1        while(t--)
  61   1        {
  62   2          displayTemp();
  63   2        }
  64   1      }
  65          void read_DS18B20_temp()
  66          {
  67   1        unsigned char lsb;
  68   1        unsigned char msb;  
  69   1        init_ds18b20();
  70   1        Write_DS18B20(0xcc);
  71   1        Write_DS18B20(0x44);
  72   1        delay(1000);
  73   1        
  74   1        init_ds18b20();
  75   1        Write_DS18B20(0xcc);
  76   1        Write_DS18B20(0xbe);
  77   1        lsb=Read_DS18B20();
  78   1        msb=Read_DS18B20();
  79   1        
  80   1        temp=msb;
  81   1        temp=(temp<<8)|lsb;
  82   1        ///////////////////////////////////若不要小数temp>>=4,下面一段不要
  83   1        
  84   1        if((temp&0xf800)==0x0000)
  85   1        {
  86   2          temp>>=4;
  87   2          temp=temp*10;
  88   2          temp=temp+(lsb&0x0f)*0.625;
  89   2        }
  90   1      }
  91          void main()
  92          {
  93   1        XBYTE[0x8000]=0xff;
  94   1        while(1)
  95   1        {
  96   2          read_DS18B20_temp();
  97   2          displayTemp();
  98   2        }
  99   1      }


MODULE INFORMATION:   STATIC OVERLAYABLE
   CODE SIZE        =    345    ----
   CONSTANT SIZE    =   ----    ----
   XDATA SIZE       =   ----    ----
   PDATA SIZE       =   ----    ----
   DATA SIZE        =     22       1
   IDATA SIZE       =   ----    ----
   BIT SIZE         =   ----    ----
END OF MODULE INFORMATION.


C51 COMPILATION COMPLETE.  0 WARNING(S),  0 ERROR(S)
