C51 COMPILER V9.00   7_1                                                                   03/13/2022 22:56:33 PAGE 1   


C51 COMPILER V9.00, COMPILATION OF MODULE 7_1
OBJECT MODULE PLACED IN 7.1.OBJ
COMPILER INVOKED BY: D:\kiel 5\C51\BIN\C51.EXE 7.1.c BROWSE DEBUG OBJECTEXTEND TABS(2)

line level    source

   1          #include "reg52.h"
   2          
   3          sbit L1=P0^0;
   4          sbit L8=P0^7;
   5          
   6          void delay(unsigned int t)
   7          {
   8   1       while(t--);
   9   1       while(t--);
  10   1      }
  11          void select()
  12          {
  13   1        P2= (P2&0x1f)|0x80;
  14   1      }
  15          
  16          void working()
  17          {
  18   1        select();
  19   1        L1=0;
  20   1        delay(60000);
  21   1        L1=1;
  22   1        delay(60000);
  23   1      }
  24          
  25          //=================================
  26          void init_INT0()
  27          {
  28   1        IT0=1;
  29   1        EX0=1;
  30   1        EA=1;
  31   1      }
  32          
  33          unsigned char state_int=0;
  34          
  35          void serviceINT0() interrupt 0
  36          {
  37   1        state_int=1;
  38   1      }
  39          
  40          void ledINT()
  41          {
  42   1        if(state_int==1)
  43   1        {
  44   2        L8=0;
  45   2        delay(60000);
  46   2        delay(60000);
  47   2        delay(60000);
  48   2        delay(60000);
  49   2        delay(60000);
  50   2        delay(60000);
  51   2        L8=1;
  52   2        }
  53   1        state_int=0;
  54   1      }
  55          //=================================
C51 COMPILER V9.00   7_1                                                                   03/13/2022 22:56:33 PAGE 2   

  56          void main ()
  57          {
  58   1        init_INT0();
  59   1        while(1)
  60   1        {
  61   2          working();
  62   2          ledINT();
  63   2        }
  64   1      }


MODULE INFORMATION:   STATIC OVERLAYABLE
   CODE SIZE        =    107    ----
   CONSTANT SIZE    =   ----    ----
   XDATA SIZE       =   ----    ----
   PDATA SIZE       =   ----    ----
   DATA SIZE        =      1    ----
   IDATA SIZE       =   ----    ----
   BIT SIZE         =   ----    ----
END OF MODULE INFORMATION.


C51 COMPILATION COMPLETE.  0 WARNING(S),  0 ERROR(S)
