C51 COMPILER V9.00   13_0                                                                  03/15/2022 17:23:05 PAGE 1   


C51 COMPILER V9.00, COMPILATION OF MODULE 13_0
OBJECT MODULE PLACED IN 13.0.OBJ
COMPILER INVOKED BY: D:\kiel 5\C51\BIN\C51.EXE 13.0.c BROWSE DEBUG OBJECTEXTEND TABS(2)

line level    source

   1          #include "reg52.h"
   2          
   3          sbit HC138_A=P2^5;
   4          sbit HC138_B=P2^6;
   5          sbit HC138_C=P2^7;
   6          
   7          void select(unsigned char m)
   8          {
   9   1        switch (m)
  10   1        {
  11   2        case 4:
  12   2        HC138_C=1;
  13   2        HC138_B=0;
  14   2        HC138_A=0;
  15   2        break;
  16   2        case 5:
  17   2        HC138_C=1;
  18   2        HC138_B=0;
  19   2        HC138_A=1;
  20   2        break;
  21   2        case 6:
  22   2        HC138_C=1;
  23   2        HC138_B=1;
  24   2        HC138_A=0;
  25   2        break;
  26   2        case 7:
  27   2        HC138_C=1;
  28   2        HC138_B=1;
  29   2        HC138_A=1;
  30   2        break;
  31   2        } 
  32   1      }
  33          
  34          
  35          void delay(unsigned int t)
  36          {
  37   1        while(t--);
  38   1        while(t--);
  39   1      }
  40          
  41          void ledrunning()
  42          {
  43   1        select(4);
  44   1        P0=0xf0;
  45   1        delay(60000);
  46   1        delay(60000);
  47   1        P0=0x0f;
  48   1        delay(60000);
  49   1        delay(60000); 
  50   1        P0=0xff;
  51   1        delay(60000);
  52   1        delay(60000); 
  53   1      }
  54          
  55          void SMGrunning()
C51 COMPILER V9.00   13_0                                                                  03/15/2022 17:23:05 PAGE 2   

  56          {
  57   1        unsigned char i;
  58   1        for(i=0;i<8;i++)
  59   1        {
  60   2          select(6);
  61   2          P0=0x01<<i;
  62   2          select(7);
  63   2          P0=0x00;
  64   2          delay(60000);
  65   2          delay(60000); 
  66   2        }
  67   1        P0=0xff;
  68   1        delay(60000);
  69   1        delay(60000); 
  70   1      }
  71          
  72          
  73          void main ()
  74          {
  75   1        while(1)
  76   1        {
  77   2          ledrunning();
  78   2          SMGrunning();
  79   2        }
  80   1      }


MODULE INFORMATION:   STATIC OVERLAYABLE
   CODE SIZE        =    161    ----
   CONSTANT SIZE    =   ----    ----
   XDATA SIZE       =   ----    ----
   PDATA SIZE       =   ----    ----
   DATA SIZE        =   ----    ----
   IDATA SIZE       =   ----    ----
   BIT SIZE         =   ----    ----
END OF MODULE INFORMATION.


C51 COMPILATION COMPLETE.  0 WARNING(S),  0 ERROR(S)
