C51 COMPILER V9.00   5_0                                                                   03/13/2022 12:27:00 PAGE 1   


C51 COMPILER V9.00, COMPILATION OF MODULE 5_0
OBJECT MODULE PLACED IN 5.0.OBJ
COMPILER INVOKED BY: D:\kiel 5\C51\BIN\C51.EXE 5.0.c BROWSE DEBUG OBJECTEXTEND TABS(2)

line level    source

   1          #include "reg52.h"
   2          
   3          sbit HC138_A=P2^5;
   4          sbit HC138_B=P2^6;
   5          sbit HC138_C=P2^7;
   6          sbit S7=P3^0;
   7          sbit S6=P3^1;
   8          sbit S5=P3^2;
   9          sbit S4=P3^3;
  10          
  11          sbit L1=P0^0;
  12          sbit L2=P0^1;
  13          sbit L3=P0^2;
  14          sbit L4=P0^3;
  15          sbit L5=P0^4;
  16          sbit L6=P0^5;
  17          
  18          
  19          void delay(unsigned int t)
  20          {
  21   1      while(t--);
  22   1      }
  23          
  24          
  25          
  26          
  27          void select(unsigned char m)
  28          {
  29   1        switch (m)
  30   1        {
  31   2        case 4:
  32   2        HC138_C=1;
  33   2        HC138_B=0;
  34   2        HC138_A=0;
  35   2        break;
  36   2        case 5:
  37   2        HC138_C=1;
  38   2        HC138_B=0;
  39   2        HC138_A=1;
  40   2        break;
  41   2        case 6:
  42   2        HC138_C=1;
  43   2        HC138_B=1;
  44   2        HC138_A=0;
  45   2        break;
  46   2        case 7:
  47   2        HC138_C=1;
  48   2        HC138_B=1;
  49   2        HC138_A=1;
  50   2        break;
  51   2        } 
  52   1      }
  53          
  54          
  55          void initial()
C51 COMPILER V9.00   5_0                                                                   03/13/2022 12:27:00 PAGE 2   

  56          {
  57   1      select(5);
  58   1      P0=0x00;
  59   1      
  60   1      }
  61          
  62          
  63          void scankeys_alone()
  64          {
  65   1        P0=0xff;
  66   1      if (S7==0)
  67   1          {
  68   2            delay(100);
  69   2         if(S7==0)
  70   2            {
  71   3           L1=0;
  72   3           while(S7==0);
  73   3           L1=1;
  74   3            }       
  75   2          } 
  76   1      if (S6==0)
  77   1          {
  78   2            delay(100);
  79   2         if(S6==0)
  80   2            {
  81   3           L2=0;
  82   3           while(S6==0);
  83   3           L2=1;
  84   3            }       
  85   2          } 
  86   1      if (S5==0)
  87   1          {
  88   2            delay(100);
  89   2         if(S5==0)
  90   2            {
  91   3           L3=0;
  92   3           while(S5==0);
  93   3           L3=1;
  94   3            }       
  95   2          } 
  96   1      if (S4==0)
  97   1          {
  98   2            delay(100);
  99   2         if(S4==0)
 100   2            {
 101   3           L4=0;
 102   3           while(S4==0);
 103   3           L4=1;
 104   3            }       
 105   2          } 
 106   1      
 107   1      
 108   1      
 109   1      }
 110          
 111          
 112          
 113          
 114          void main()
 115          {
 116   1        initial();
 117   1      select(4);   
C51 COMPILER V9.00   5_0                                                                   03/13/2022 12:27:00 PAGE 3   

 118   1      while(1)
 119   1      {
 120   2      scankeys_alone();
 121   2      }
 122   1      
 123   1      }


MODULE INFORMATION:   STATIC OVERLAYABLE
   CODE SIZE        =    148    ----
   CONSTANT SIZE    =   ----    ----
   XDATA SIZE       =   ----    ----
   PDATA SIZE       =   ----    ----
   DATA SIZE        =   ----    ----
   IDATA SIZE       =   ----    ----
   BIT SIZE         =   ----    ----
END OF MODULE INFORMATION.


C51 COMPILATION COMPLETE.  0 WARNING(S),  0 ERROR(S)
