C51 COMPILER V9.00   5_1                                                                   03/13/2022 17:12:02 PAGE 1   


C51 COMPILER V9.00, COMPILATION OF MODULE 5_1
OBJECT MODULE PLACED IN 5.1.OBJ
COMPILER INVOKED BY: D:\kiel 5\C51\BIN\C51.EXE 5.1.c BROWSE DEBUG OBJECTEXTEND TABS(2)

line level    source

   1          #include "reg52.h"
   2          
   3          sbit HC138_A=P2^5;
   4          sbit HC138_B=P2^6;
   5          sbit HC138_C=P2^7;
   6          sbit S7=P3^0;
   7          sbit S6=P3^1;
   8          sbit S5=P3^2;
   9          sbit S4=P3^3;
  10          
  11          sbit L1=P0^0;
  12          sbit L2=P0^1;
  13          sbit L3=P0^2;
  14          sbit L4=P0^3;
  15          sbit L5=P0^4;
  16          sbit L6=P0^5;
  17          
  18          
  19          
  20          void select(unsigned char m)
  21          {
  22   1        switch (m)
  23   1        {
  24   2        case 4:
  25   2        HC138_C=1;
  26   2        HC138_B=0;
  27   2        HC138_A=0;
  28   2        break;
  29   2        case 5:
  30   2        HC138_C=1;
  31   2        HC138_B=0;
  32   2        HC138_A=1;
  33   2        break;
  34   2        case 6:
  35   2        HC138_C=1;
  36   2        HC138_B=1;
  37   2        HC138_A=0;
  38   2        break;
  39   2        case 7:
  40   2        HC138_C=1;
  41   2        HC138_B=1;
  42   2        HC138_A=1;
  43   2        break;
  44   2        } 
  45   1      }
  46          
  47          void initial()
  48          {
  49   1      select(5);
  50   1      P0=0x00;
  51   1      }
  52          
  53          
  54          void delay1(unsigned int t)
  55          {
C51 COMPILER V9.00   5_1                                                                   03/13/2022 17:12:02 PAGE 2   

  56   1        while(t--);
  57   1      }
  58          
  59          
  60          unsigned char statek=0;
  61          
  62          
  63          void scankeys_alone()
  64          {
  65   1      if(S7==0)
  66   1        {
  67   2          delay1(100);
  68   2          if(S7==0)
  69   2          {
  70   3            if(statek==0)
  71   3            {
  72   4             L1=0;
  73   4             statek=1;
  74   4            }
  75   3            else if(statek==1)
  76   3            {
  77   4              L1=1;
  78   4              statek=0;
  79   4            }
  80   3            while(S7==0);
  81   3          }
  82   2        }
  83   1      
  84   1      if (S6==0)
  85   1        {
  86   2            delay1(100);
  87   2         if(S6==0)
  88   2            {
  89   3              if(statek==0)
  90   3              {
  91   4                L2=0;
  92   4                statek=2;
  93   4              }
  94   3              else if(statek==2)
  95   3               {
  96   4                  L2=1;
  97   4                  statek=0;
  98   4               } 
  99   3               while(S6==0);
 100   3            }       
 101   2        } 
 102   1        if (S5==0)
 103   1          {
 104   2            delay1(100);
 105   2         if(S5==0)
 106   2            {
 107   3              if(statek==1)
 108   3              {
 109   4                L3=0;
 110   4                while(S5==0);
 111   4                L3=1;
 112   4              }
 113   3              else if(statek==2)
 114   3              {
 115   4                L5=0;
 116   4                while(S5==0);
 117   4                L5=1;
C51 COMPILER V9.00   5_1                                                                   03/13/2022 17:12:02 PAGE 3   

 118   4              }
 119   3            }   
 120   2          }     
 121   1         if(S4==0)
 122   1            {
 123   2              if(statek==1)
 124   2              {
 125   3                L4=0;
 126   3                while(S4==0);
 127   3                L4=1;
 128   3              }
 129   2              else if(statek==2)
 130   2              {
 131   3                L6=0;
 132   3                while(S4==0);
 133   3                L6=1;
 134   3              }
 135   2            }       
 136   1      }
 137          
 138          void main()
 139          {
 140   1      select(4);
 141   1        while(1)
 142   1        {
 143   2          scankeys_alone();
 144   2        }
 145   1      }


MODULE INFORMATION:   STATIC OVERLAYABLE
   CODE SIZE        =    207    ----
   CONSTANT SIZE    =   ----    ----
   XDATA SIZE       =   ----    ----
   PDATA SIZE       =   ----    ----
   DATA SIZE        =      1    ----
   IDATA SIZE       =   ----    ----
   BIT SIZE         =   ----    ----
END OF MODULE INFORMATION.


C51 COMPILATION COMPLETE.  0 WARNING(S),  0 ERROR(S)
