C51 COMPILER V9.00   1802                                                                  04/07/2022 21:45:27 PAGE 1   


C51 COMPILER V9.00, COMPILATION OF MODULE 1802
OBJECT MODULE PLACED IN 1802.OBJ
COMPILER INVOKED BY: D:\kiel 5\C51\BIN\C51.EXE 1802.c BROWSE DEBUG OBJECTEXTEND TABS(2)

line level    source

   1          #include "reg52.h"
   2          #include "iic.h"
   3          #include "onewire.h"
   4          
   5          unsigned char code SMG[14]={0xc0,0xF9,0xA4,0xB0,0x99,0x92,0x82,0xF8,0x80,0x90,0xc6,0x8c,0x88,0xff};
   6          unsigned char code SMGdot[10]={0x40,0x79,
   7              0x24,0x30,0x19,0x12,0x02,0x78,0x00,0x10};
   8          
   9          sfr P4=0xc0;
  10          
  11          sbit HC138_C=P2^7;
  12          sbit HC138_B=P2^6;
  13          sbit HC138_A=P2^5;
  14          
  15          
  16          sbit R3=P3^2;
  17          sbit R4=P3^3;
  18          
  19          sbit C2=P4^2;
  20          sbit C1=P4^4;
  21          
  22          sbit L4=P0^3;
  23          sbit L3=P0^2;
  24          sbit L2=P0^1;
  25          sbit L1=P0^0;
  26          
  27          void read_DS18B20_temp();
  28          void displaytemp();
  29          
  30          unsigned char state=0;
  31          unsigned char mode=1;
  32          unsigned char statek=0;
  33          unsigned int temp=0;
  34          unsigned int config=25;
  35          unsigned int vol;             //µÁ—πœ‘ æ
  36          
  37          void delaySMG (unsigned int t)
  38          {
  39   1        while(t--);
  40   1      }
  41          
  42          void delay (unsigned int t)
  43          {
  44   1        while(t--)
  45   1        {
  46   2          displaytemp();
  47   2        }
  48   1      }
  49          
  50          void select(unsigned char i)
  51          {
  52   1        switch(i)
  53   1        {
  54   2          case 4:
  55   2            HC138_C=1;
C51 COMPILER V9.00   1802                                                                  04/07/2022 21:45:27 PAGE 2   

  56   2            HC138_B=0;
  57   2            HC138_A=0;
  58   2            break;
  59   2            
  60   2          case 5:
  61   2            HC138_C=1;
  62   2            HC138_B=0;
  63   2            HC138_A=1;
  64   2            break;
  65   2            
  66   2          case 6:
  67   2            HC138_C=1;
  68   2            HC138_B=1;
  69   2            HC138_A=0;
  70   2            break;
  71   2            
  72   2          case 7:
  73   2            HC138_C=1;
  74   2            HC138_B=1;
  75   2            HC138_A=1;
  76   2            break;
  77   2      
  78   2          case 0:
  79   2            HC138_C=0;
  80   2            HC138_B=0;
  81   2            HC138_A=0;
  82   2            break;
  83   2        }
  84   1      
  85   1      }
  86          
  87          
  88          void SMGbit(unsigned char pos,unsigned char value)
  89          {
  90   1      
  91   1        select(7);
  92   1        P0=0xff;
  93   1      
  94   1        select(6);
  95   1        P0=0x01<<pos;
  96   1        select(7);
  97   1        P0=value;
  98   1      
  99   1      }
 100          
 101          void shutall()
 102          {
 103   1        select(7);
 104   1        P0=0xff;
 105   1      
 106   1        select(6);
 107   1        P0=0x0ff;
 108   1        select(7);
 109   1        P0=0xff;
 110   1      }
 111          
 112          void displaytemp()
 113          {
 114   1          SMGbit(0,SMG[10]);
 115   1          delaySMG(100);
 116   1          SMGbit(1,SMG[13]);
 117   1          delaySMG(100);
C51 COMPILER V9.00   1802                                                                  04/07/2022 21:45:27 PAGE 3   

 118   1          SMGbit(2,SMG[13]);
 119   1          delaySMG(100);
 120   1          SMGbit(3,SMG[13]);
 121   1          delaySMG(100);
 122   1          
 123   1          SMGbit(4,SMG[temp/1000]);
 124   1          delaySMG(100);
 125   1          SMGbit(5,SMGdot[(temp%1000)/100]);
 126   1          delaySMG(100);
 127   1          SMGbit(6,SMG[(temp%100)/10]);
 128   1          delaySMG(100);
 129   1          SMGbit(7,SMG[temp%10]);
 130   1          delaySMG(100);
 131   1          
 132   1          shutall();
 133   1      }
 134          
 135          void displayconfig()
 136          {
 137   1          SMGbit(0,SMG[11]);
 138   1          delaySMG(200);
 139   1          SMGbit(1,SMG[13]);
 140   1          delaySMG(200);
 141   1          SMGbit(2,SMG[13]);
 142   1          delaySMG(200);
 143   1          SMGbit(3,SMG[13]);
 144   1          delaySMG(200);
 145   1          SMGbit(4,SMG[13]);
 146   1          delaySMG(200);
 147   1          SMGbit(5,SMG[13]);
 148   1          delaySMG(200);
 149   1          
 150   1          SMGbit(6,SMG[config/10]);
 151   1          delaySMG(200);
 152   1          SMGbit(7,SMG[config%10]);
 153   1          delaySMG(200);
 154   1          
 155   1          shutall();
 156   1          
 157   1      }
 158          
 159          void displayvol()
 160          {
 161   1          SMGbit(0,SMG[12]);
 162   1          delaySMG(200);
 163   1          SMGbit(1,SMG[13]);
 164   1          delaySMG(200);
 165   1          SMGbit(2,SMG[13]);
 166   1          delaySMG(200);
 167   1          SMGbit(3,SMG[13]);
 168   1          delaySMG(200);
 169   1          SMGbit(4,SMG[13]);
 170   1          delaySMG(200);
 171   1          
 172   1          SMGbit(5,SMGdot[vol/100]);
 173   1          delaySMG(200);  
 174   1          SMGbit(6,SMG[(vol%100)/10]);
 175   1          delaySMG(200);
 176   1          SMGbit(7,SMG[vol%10]);
 177   1          delaySMG(200);
 178   1          
 179   1          shutall();
C51 COMPILER V9.00   1802                                                                  04/07/2022 21:45:27 PAGE 4   

 180   1      }
 181          
 182          
 183          void scan_keys()
 184          {
 185   1        
 186   1      
 187   1        R4=0;
 188   1        R3=1;
 189   1        C1=C2=1;
 190   1        if(C1==0)              //  S4
 191   1        {
 192   2          delay(10);
 193   2          if(C1==0)
 194   2          {
 195   3            if(state==0)
 196   3            {
 197   4                state=1;
 198   4                statek=1;
 199   4            }
 200   3            else if (state==1)  
 201   3            {
 202   4                state=2;
 203   4                statek=0;
 204   4            }   
 205   3            else if(state==2) 
 206   3            {
 207   4                state=0;
 208   4                statek=0;
 209   4            }
 210   3              while(C1==0);
 211   3          }
 212   2          
 213   2        }
 214   1        
 215   1        else if(C2==0)                 //S8 -
 216   1        {
 217   2          delay(10);
 218   2          if(C2==0)
 219   2          {
 220   3            if(state==1)
 221   3            {
 222   4              if (statek==1)
 223   4              {
 224   5              config--;
 225   5              }
 226   4            } 
 227   3            while(C2==0);
 228   3          }
 229   2        }
 230   1        
 231   1        R3=0;
 232   1        R4=1;
 233   1        C1=C2=1;
 234   1        if(C1==0)           //S5
 235   1        {
 236   2          delay(10);
 237   2          if(C1==0)
 238   2          {
 239   3            switch(mode)
 240   3            {
 241   4              case 1:
C51 COMPILER V9.00   1802                                                                  04/07/2022 21:45:27 PAGE 5   

 242   4                mode=2;
 243   4                break;
 244   4                
 245   4              case 2:
 246   4                mode=1;
 247   4                break;
 248   4            }
 249   3            while(C1==0);
 250   3          }
 251   2        }
 252   1        
 253   1        else if(C2==0)             //s9 +
 254   1        {
 255   2          delay(10);
 256   2          if(C2==0)
 257   2          {
 258   3            if(state==1)
 259   3            {
 260   4              if (statek==1)
 261   4              {
 262   5              config++;
 263   5              }
 264   4            } 
 265   3              while(C2==0);
 266   3          }
 267   2        }
 268   1      }
 269          
 270          void displayall()
 271          {
 272   1        select(5);
 273   1        P0=0x00;
 274   1        select(4);
 275   1        P0=0xff;
 276   1      
 277   1        if (state==0)
 278   1        {
 279   2            read_DS18B20_temp();
 280   2          L2=0;
 281   2          displaytemp();
 282   2        }
 283   1        
 284   1          else if (state==1)
 285   1        {
 286   2          L3=0;
 287   2          displayconfig();
 288   2        }
 289   1        
 290   1          else if (state==2)
 291   1        {
 292   2          L4=0;
 293   2          displayvol();
 294   2        }
 295   1      
 296   1      }
 297          
 298          void read_DS18B20_temp()
 299          {
 300   1        unsigned char lsb;
 301   1        unsigned char msb;  
 302   1        init_ds18b20();
 303   1        Write_DS18B20(0xcc);
C51 COMPILER V9.00   1802                                                                  04/07/2022 21:45:27 PAGE 6   

 304   1        Write_DS18B20(0x44);
 305   1        delay(1000);
 306   1        
 307   1        init_ds18b20();
 308   1        Write_DS18B20(0xcc);
 309   1        Write_DS18B20(0xbe);
 310   1        lsb=Read_DS18B20();
 311   1        msb=Read_DS18B20();
 312   1        
 313   1        temp=msb;
 314   1        temp=(temp<<8)|lsb;
 315   1        
 316   1        if((temp&0xf800)==0x0000)
 317   1        {
 318   2          temp>>=4;
 319   2          temp=temp*100;
 320   2          temp=temp+(lsb&0x0f)*6.25;
 321   2        }
 322   1      }
 323          
 324          void init_sys()
 325          {
 326   1        select(4);
 327   1        P0=0xff;
 328   1        select(5);
 329   1        P0=0x00;
 330   1        select(0);
 331   1        P0=0x00;
 332   1        
 333   1      }
 334          
 335          void write_pcf8591(unsigned char dat)
 336          {
 337   1        IIC_Start();
 338   1        IIC_SendByte(0X90);
 339   1        IIC_WaitAck();
 340   1        IIC_SendByte(0X43);
 341   1        IIC_WaitAck();
 342   1        IIC_SendByte(dat);
 343   1        IIC_WaitAck();
 344   1        IIC_Stop();
 345   1      }
 346          
 347          void DA()
 348          {
 349   1       if(mode==1)
 350   1       {
 351   2         select(4);
 352   2         L1=0;
 353   2        if(temp<config*100)
 354   2        {
 355   3         vol=0;
 356   3         write_pcf8591(0x00);
 357   3        }
 358   2        else 
 359   2        {
 360   3          vol=500;
 361   3          write_pcf8591(0xff);
 362   3        }
 363   2       }
 364   1       else if(mode==2)
 365   1       {
C51 COMPILER V9.00   1802                                                                  04/07/2022 21:45:27 PAGE 7   

 366   2         select(4);
 367   2          L1=1;
 368   2        if(temp<=2000)
 369   2        {
 370   3          vol=100;
 371   3         write_pcf8591(51);
 372   3        }
 373   2        else if(2000<temp<=4000)
 374   2        {
 375   3          vol=temp*0.15-200;
 376   3          write_pcf8591((temp-2000)*0.08+51.0);
 377   3        }
 378   2        else
 379   2        {
 380   3          vol=400;
 381   3         write_pcf8591(205);
 382   3        }
 383   2       }
 384   1      } 
 385          void main()
 386          {
 387   1        init_sys();
 388   1        while(1)
 389   1        {
 390   2        scan_keys();
 391   2        DA();
 392   2        displayall();
 393   2        }
 394   1      }


MODULE INFORMATION:   STATIC OVERLAYABLE
   CODE SIZE        =   1245    ----
   CONSTANT SIZE    =     24    ----
   XDATA SIZE       =   ----    ----
   PDATA SIZE       =   ----    ----
   DATA SIZE        =      9       4
   IDATA SIZE       =   ----    ----
   BIT SIZE         =   ----    ----
END OF MODULE INFORMATION.


C51 COMPILATION COMPLETE.  0 WARNING(S),  0 ERROR(S)
